{"/Users/nestorgomez/Documents/prueba-react-native/cryptoCurrency/App.tsx": {"path":"/Users/nestorgomez/Documents/prueba-react-native/cryptoCurrency/App.tsx","statementMap":{"0":{"start":{"line":7,"column":12},"end":{"line":13,"column":1}},"1":{"start":{"line":8,"column":2},"end":{"line":12,"column":4}}},"fnMap":{"0":{"name":"(anonymous_0)","decl":{"start":{"line":7,"column":12},"end":{"line":7,"column":13}},"loc":{"start":{"line":7,"column":18},"end":{"line":13,"column":1}},"line":7}},"branchMap":{},"s":{"0":1,"1":1},"f":{"0":1},"b":{},"_coverageSchema":"1a1c01bbd47fc00a2c39e90264f33305004495a9","hash":"1b0faa3c53ed2ef1e0629e2916e427e5b777a757"}
,"/Users/nestorgomez/Documents/prueba-react-native/cryptoCurrency/src/api/coins.ts": {"path":"/Users/nestorgomez/Documents/prueba-react-native/cryptoCurrency/src/api/coins.ts","statementMap":{"0":{"start":{"line":4,"column":2},"end":{"line":11,"column":3}},"1":{"start":{"line":5,"column":17},"end":{"line":5,"column":30}},"2":{"start":{"line":6,"column":21},"end":{"line":6,"column":50}},"3":{"start":{"line":7,"column":19},"end":{"line":7,"column":40}},"4":{"start":{"line":8,"column":4},"end":{"line":8,"column":18}},"5":{"start":{"line":10,"column":4},"end":{"line":10,"column":14}}},"fnMap":{"0":{"name":"get","decl":{"start":{"line":3,"column":22},"end":{"line":3,"column":25}},"loc":{"start":{"line":3,"column":31},"end":{"line":12,"column":1}},"line":3}},"branchMap":{},"s":{"0":2,"1":2,"2":2,"3":0,"4":0,"5":2},"f":{"0":2},"b":{},"_coverageSchema":"1a1c01bbd47fc00a2c39e90264f33305004495a9","hash":"52f63d987869bbc17d5a507cdabf5abc8abf4b86"}
,"/Users/nestorgomez/Documents/prueba-react-native/cryptoCurrency/src/components/coinMarketItem/CoinMarketItem.tsx": {"path":"/Users/nestorgomez/Documents/prueba-react-native/cryptoCurrency/src/components/coinMarketItem/CoinMarketItem.tsx","statementMap":{"0":{"start":{"line":6,"column":23},"end":{"line":13,"column":1}},"1":{"start":{"line":7,"column":2},"end":{"line":12,"column":4}},"2":{"start":{"line":15,"column":15},"end":{"line":31,"column":2}}},"fnMap":{"0":{"name":"(anonymous_0)","decl":{"start":{"line":6,"column":23},"end":{"line":6,"column":24}},"loc":{"start":{"line":6,"column":42},"end":{"line":13,"column":1}},"line":6}},"branchMap":{},"s":{"0":1,"1":0,"2":1},"f":{"0":0},"b":{},"_coverageSchema":"1a1c01bbd47fc00a2c39e90264f33305004495a9","hash":"d2e6803d16a8810a0853f0c904db5dedf5eea98b"}
,"/Users/nestorgomez/Documents/prueba-react-native/cryptoCurrency/src/components/coinSearch/CoinSearch.tsx": {"path":"/Users/nestorgomez/Documents/prueba-react-native/cryptoCurrency/src/components/coinSearch/CoinSearch.tsx","statementMap":{"0":{"start":{"line":6,"column":19},"end":{"line":31,"column":1}},"1":{"start":{"line":7,"column":28},"end":{"line":7,"column":48}},"2":{"start":{"line":9,"column":21},"end":{"line":14,"column":3}},"3":{"start":{"line":10,"column":4},"end":{"line":10,"column":25}},"4":{"start":{"line":11,"column":4},"end":{"line":13,"column":5}},"5":{"start":{"line":12,"column":6},"end":{"line":12,"column":33}},"6":{"start":{"line":16,"column":2},"end":{"line":30,"column":4}},"7":{"start":{"line":33,"column":15},"end":{"line":48,"column":2}}},"fnMap":{"0":{"name":"(anonymous_0)","decl":{"start":{"line":6,"column":19},"end":{"line":6,"column":20}},"loc":{"start":{"line":6,"column":35},"end":{"line":31,"column":1}},"line":6},"1":{"name":"(anonymous_1)","decl":{"start":{"line":9,"column":21},"end":{"line":9,"column":22}},"loc":{"start":{"line":9,"column":45},"end":{"line":14,"column":3}},"line":9}},"branchMap":{"0":{"loc":{"start":{"line":11,"column":4},"end":{"line":13,"column":5}},"type":"if","locations":[{"start":{"line":11,"column":4},"end":{"line":13,"column":5}},{"start":{},"end":{}}],"line":11},"1":{"loc":{"start":{"line":22,"column":10},"end":{"line":22,"column":78}},"type":"cond-expr","locations":[{"start":{"line":22,"column":33},"end":{"line":22,"column":52}},{"start":{"line":22,"column":55},"end":{"line":22,"column":78}}],"line":22}},"s":{"0":3,"1":6,"2":6,"3":1,"4":1,"5":0,"6":6,"7":3},"f":{"0":6,"1":1},"b":{"0":[0,1],"1":[6,0]},"_coverageSchema":"1a1c01bbd47fc00a2c39e90264f33305004495a9","hash":"9a57e9927e5196ef0b80b07930f9195edaea2a0f"}
,"/Users/nestorgomez/Documents/prueba-react-native/cryptoCurrency/src/components/listCoins/CoinItem.tsx": {"path":"/Users/nestorgomez/Documents/prueba-react-native/cryptoCurrency/src/components/listCoins/CoinItem.tsx","statementMap":{"0":{"start":{"line":6,"column":17},"end":{"line":28,"column":1}},"1":{"start":{"line":7,"column":24},"end":{"line":13,"column":3}},"2":{"start":{"line":8,"column":4},"end":{"line":12,"column":5}},"3":{"start":{"line":9,"column":6},"end":{"line":9,"column":50}},"4":{"start":{"line":11,"column":6},"end":{"line":11,"column":52}},"5":{"start":{"line":15,"column":2},"end":{"line":27,"column":4}},"6":{"start":{"line":30,"column":15},"end":{"line":65,"column":2}}},"fnMap":{"0":{"name":"(anonymous_0)","decl":{"start":{"line":6,"column":17},"end":{"line":6,"column":18}},"loc":{"start":{"line":6,"column":43},"end":{"line":28,"column":1}},"line":6},"1":{"name":"(anonymous_1)","decl":{"start":{"line":7,"column":24},"end":{"line":7,"column":25}},"loc":{"start":{"line":7,"column":30},"end":{"line":13,"column":3}},"line":7}},"branchMap":{"0":{"loc":{"start":{"line":8,"column":4},"end":{"line":12,"column":5}},"type":"if","locations":[{"start":{"line":8,"column":4},"end":{"line":12,"column":5}},{"start":{"line":10,"column":11},"end":{"line":12,"column":5}}],"line":8}},"s":{"0":3,"1":1,"2":1,"3":0,"4":1,"5":1,"6":3},"f":{"0":1,"1":1},"b":{"0":[0,1]},"_coverageSchema":"1a1c01bbd47fc00a2c39e90264f33305004495a9","hash":"6e8dbf270aea6cbc8eed006f865492cd4b5de449"}
,"/Users/nestorgomez/Documents/prueba-react-native/cryptoCurrency/src/components/listCoins/ListCoins.tsx": {"path":"/Users/nestorgomez/Documents/prueba-react-native/cryptoCurrency/src/components/listCoins/ListCoins.tsx","statementMap":{"0":{"start":{"line":11,"column":18},"end":{"line":65,"column":1}},"1":{"start":{"line":12,"column":28},"end":{"line":12,"column":54}},"2":{"start":{"line":13,"column":34},"end":{"line":13,"column":60}},"3":{"start":{"line":14,"column":32},"end":{"line":14,"column":56}},"4":{"start":{"line":16,"column":2},"end":{"line":20,"column":9}},"5":{"start":{"line":17,"column":4},"end":{"line":19,"column":9}},"6":{"start":{"line":18,"column":6},"end":{"line":18,"column":24}},"7":{"start":{"line":22,"column":20},"end":{"line":32,"column":3}},"8":{"start":{"line":23,"column":4},"end":{"line":31,"column":5}},"9":{"start":{"line":24,"column":6},"end":{"line":24,"column":23}},"10":{"start":{"line":25,"column":23},"end":{"line":25,"column":44}},"11":{"start":{"line":26,"column":6},"end":{"line":26,"column":30}},"12":{"start":{"line":27,"column":6},"end":{"line":27,"column":33}},"13":{"start":{"line":28,"column":6},"end":{"line":28,"column":24}},"14":{"start":{"line":30,"column":6},"end":{"line":30,"column":23}},"15":{"start":{"line":34,"column":23},"end":{"line":42,"column":3}},"16":{"start":{"line":35,"column":26},"end":{"line":40,"column":6}},"17":{"start":{"line":36,"column":6},"end":{"line":39,"column":8}},"18":{"start":{"line":41,"column":4},"end":{"line":41,"column":28}},"19":{"start":{"line":44,"column":22},"end":{"line":46,"column":3}},"20":{"start":{"line":45,"column":4},"end":{"line":45,"column":46}},"21":{"start":{"line":48,"column":21},"end":{"line":50,"column":3}},"22":{"start":{"line":49,"column":4},"end":{"line":49,"column":62}},"23":{"start":{"line":49,"column":41},"end":{"line":49,"column":58}},"24":{"start":{"line":52,"column":2},"end":{"line":64,"column":4}},"25":{"start":{"line":59,"column":30},"end":{"line":59,"column":37}},"26":{"start":{"line":67,"column":15},"end":{"line":72,"column":2}}},"fnMap":{"0":{"name":"(anonymous_0)","decl":{"start":{"line":11,"column":18},"end":{"line":11,"column":19}},"loc":{"start":{"line":11,"column":41},"end":{"line":65,"column":1}},"line":11},"1":{"name":"(anonymous_1)","decl":{"start":{"line":16,"column":12},"end":{"line":16,"column":13}},"loc":{"start":{"line":16,"column":18},"end":{"line":20,"column":3}},"line":16},"2":{"name":"(anonymous_2)","decl":{"start":{"line":17,"column":5},"end":{"line":17,"column":6}},"loc":{"start":{"line":17,"column":17},"end":{"line":19,"column":5}},"line":17},"3":{"name":"(anonymous_3)","decl":{"start":{"line":22,"column":20},"end":{"line":22,"column":21}},"loc":{"start":{"line":22,"column":32},"end":{"line":32,"column":3}},"line":22},"4":{"name":"(anonymous_4)","decl":{"start":{"line":34,"column":23},"end":{"line":34,"column":24}},"loc":{"start":{"line":34,"column":42},"end":{"line":42,"column":3}},"line":34},"5":{"name":"(anonymous_5)","decl":{"start":{"line":35,"column":42},"end":{"line":35,"column":43}},"loc":{"start":{"line":35,"column":59},"end":{"line":40,"column":5}},"line":35},"6":{"name":"(anonymous_6)","decl":{"start":{"line":44,"column":22},"end":{"line":44,"column":23}},"loc":{"start":{"line":44,"column":39},"end":{"line":46,"column":3}},"line":44},"7":{"name":"(anonymous_7)","decl":{"start":{"line":48,"column":21},"end":{"line":48,"column":22}},"loc":{"start":{"line":49,"column":4},"end":{"line":49,"column":62}},"line":49},"8":{"name":"(anonymous_8)","decl":{"start":{"line":49,"column":35},"end":{"line":49,"column":36}},"loc":{"start":{"line":49,"column":41},"end":{"line":49,"column":58}},"line":49},"9":{"name":"(anonymous_9)","decl":{"start":{"line":59,"column":22},"end":{"line":59,"column":23}},"loc":{"start":{"line":59,"column":30},"end":{"line":59,"column":37}},"line":59}},"branchMap":{"0":{"loc":{"start":{"line":37,"column":8},"end":{"line":38,"column":63}},"type":"binary-expr","locations":[{"start":{"line":37,"column":8},"end":{"line":37,"column":61}},{"start":{"line":38,"column":8},"end":{"line":38,"column":63}}],"line":37},"1":{"loc":{"start":{"line":55,"column":7},"end":{"line":55,"column":34}},"type":"cond-expr","locations":[{"start":{"line":55,"column":17},"end":{"line":55,"column":27}},{"start":{"line":55,"column":30},"end":{"line":55,"column":34}}],"line":55}},"s":{"0":2,"1":4,"2":4,"3":4,"4":4,"5":2,"6":2,"7":4,"8":2,"9":2,"10":2,"11":0,"12":0,"13":0,"14":2,"15":4,"16":0,"17":0,"18":0,"19":4,"20":0,"21":4,"22":0,"23":0,"24":4,"25":0,"26":2},"f":{"0":4,"1":2,"2":2,"3":2,"4":0,"5":0,"6":0,"7":0,"8":0,"9":0},"b":{"0":[0,0],"1":[2,2]},"_coverageSchema":"1a1c01bbd47fc00a2c39e90264f33305004495a9","hash":"cbcbd6b0bf9847483572592210521333732965bf"}
,"/Users/nestorgomez/Documents/prueba-react-native/cryptoCurrency/src/components/loader/Loader.tsx": {"path":"/Users/nestorgomez/Documents/prueba-react-native/cryptoCurrency/src/components/loader/Loader.tsx","statementMap":{"0":{"start":{"line":4,"column":15},"end":{"line":6,"column":1}},"1":{"start":{"line":5,"column":2},"end":{"line":5,"column":72}},"2":{"start":{"line":8,"column":15},"end":{"line":12,"column":2}}},"fnMap":{"0":{"name":"(anonymous_0)","decl":{"start":{"line":4,"column":15},"end":{"line":4,"column":16}},"loc":{"start":{"line":5,"column":2},"end":{"line":5,"column":72}},"line":5}},"branchMap":{},"s":{"0":2,"1":2,"2":2},"f":{"0":2},"b":{},"_coverageSchema":"1a1c01bbd47fc00a2c39e90264f33305004495a9","hash":"93ffc4700689aed6d389e15cd7c4196c4fcbe987"}
,"/Users/nestorgomez/Documents/prueba-react-native/cryptoCurrency/src/navigation/NavigationStack.tsx": {"path":"/Users/nestorgomez/Documents/prueba-react-native/cryptoCurrency/src/navigation/NavigationStack.tsx","statementMap":{"0":{"start":{"line":8,"column":14},"end":{"line":8,"column":42}},"1":{"start":{"line":10,"column":24},"end":{"line":23,"column":1}},"2":{"start":{"line":11,"column":2},"end":{"line":22,"column":4}}},"fnMap":{"0":{"name":"(anonymous_0)","decl":{"start":{"line":10,"column":24},"end":{"line":10,"column":25}},"loc":{"start":{"line":10,"column":30},"end":{"line":23,"column":1}},"line":10}},"branchMap":{},"s":{"0":1,"1":1,"2":1},"f":{"0":1},"b":{},"_coverageSchema":"1a1c01bbd47fc00a2c39e90264f33305004495a9","hash":"97cf0e63399b2687307afbc9f6106f2c7a04d252"}
,"/Users/nestorgomez/Documents/prueba-react-native/cryptoCurrency/src/screens/coinDetail/CoinDetailScreen.tsx": {"path":"/Users/nestorgomez/Documents/prueba-react-native/cryptoCurrency/src/screens/coinDetail/CoinDetailScreen.tsx","statementMap":{"0":{"start":{"line":19,"column":25},"end":{"line":113,"column":1}},"1":{"start":{"line":20,"column":26},"end":{"line":20,"column":43}},"2":{"start":{"line":21,"column":32},"end":{"line":21,"column":60}},"3":{"start":{"line":22,"column":32},"end":{"line":22,"column":56}},"4":{"start":{"line":24,"column":2},"end":{"line":24,"column":50}},"5":{"start":{"line":25,"column":2},"end":{"line":29,"column":14}},"6":{"start":{"line":26,"column":28},"end":{"line":26,"column":51}},"7":{"start":{"line":27,"column":4},"end":{"line":27,"column":22}},"8":{"start":{"line":28,"column":4},"end":{"line":28,"column":28}},"9":{"start":{"line":31,"column":2},"end":{"line":34,"column":9}},"10":{"start":{"line":32,"column":28},"end":{"line":32,"column":51}},"11":{"start":{"line":33,"column":4},"end":{"line":33,"column":22}},"12":{"start":{"line":36,"column":24},"end":{"line":41,"column":3}},"13":{"start":{"line":37,"column":4},"end":{"line":40,"column":5}},"14":{"start":{"line":38,"column":21},"end":{"line":38,"column":57}},"15":{"start":{"line":39,"column":6},"end":{"line":39,"column":63}},"16":{"start":{"line":43,"column":21},"end":{"line":52,"column":3}},"17":{"start":{"line":44,"column":4},"end":{"line":51,"column":5}},"18":{"start":{"line":45,"column":6},"end":{"line":45,"column":23}},"19":{"start":{"line":46,"column":26},"end":{"line":46,"column":66}},"20":{"start":{"line":47,"column":6},"end":{"line":47,"column":30}},"21":{"start":{"line":48,"column":6},"end":{"line":48,"column":24}},"22":{"start":{"line":50,"column":6},"end":{"line":50,"column":23}},"23":{"start":{"line":54,"column":22},"end":{"line":70,"column":3}},"24":{"start":{"line":55,"column":20},"end":{"line":68,"column":5}},"25":{"start":{"line":69,"column":4},"end":{"line":69,"column":19}},"26":{"start":{"line":72,"column":21},"end":{"line":74,"column":3}},"27":{"start":{"line":73,"column":4},"end":{"line":73,"column":36}},"28":{"start":{"line":76,"column":2},"end":{"line":112,"column":4}},"29":{"start":{"line":91,"column":30},"end":{"line":91,"column":34}},"30":{"start":{"line":93,"column":10},"end":{"line":95,"column":17}},"31":{"start":{"line":98,"column":10},"end":{"line":100,"column":17}},"32":{"start":{"line":115,"column":15},"end":{"line":182,"column":2}}},"fnMap":{"0":{"name":"(anonymous_0)","decl":{"start":{"line":19,"column":25},"end":{"line":19,"column":26}},"loc":{"start":{"line":19,"column":41},"end":{"line":113,"column":1}},"line":19},"1":{"name":"(anonymous_1)","decl":{"start":{"line":25,"column":12},"end":{"line":25,"column":13}},"loc":{"start":{"line":25,"column":18},"end":{"line":29,"column":3}},"line":25},"2":{"name":"(anonymous_2)","decl":{"start":{"line":31,"column":12},"end":{"line":31,"column":13}},"loc":{"start":{"line":31,"column":18},"end":{"line":34,"column":3}},"line":31},"3":{"name":"(anonymous_3)","decl":{"start":{"line":36,"column":24},"end":{"line":36,"column":25}},"loc":{"start":{"line":36,"column":42},"end":{"line":41,"column":3}},"line":36},"4":{"name":"(anonymous_4)","decl":{"start":{"line":43,"column":21},"end":{"line":43,"column":22}},"loc":{"start":{"line":43,"column":47},"end":{"line":52,"column":3}},"line":43},"5":{"name":"(anonymous_5)","decl":{"start":{"line":54,"column":22},"end":{"line":54,"column":23}},"loc":{"start":{"line":54,"column":39},"end":{"line":70,"column":3}},"line":54},"6":{"name":"(anonymous_6)","decl":{"start":{"line":72,"column":21},"end":{"line":72,"column":22}},"loc":{"start":{"line":73,"column":4},"end":{"line":73,"column":36}},"line":73},"7":{"name":"(anonymous_7)","decl":{"start":{"line":91,"column":22},"end":{"line":91,"column":23}},"loc":{"start":{"line":91,"column":30},"end":{"line":91,"column":34}},"line":91},"8":{"name":"(anonymous_8)","decl":{"start":{"line":92,"column":20},"end":{"line":92,"column":21}},"loc":{"start":{"line":93,"column":10},"end":{"line":95,"column":17}},"line":93},"9":{"name":"(anonymous_9)","decl":{"start":{"line":97,"column":29},"end":{"line":97,"column":30}},"loc":{"start":{"line":98,"column":10},"end":{"line":100,"column":17}},"line":98}},"branchMap":{"0":{"loc":{"start":{"line":37,"column":4},"end":{"line":40,"column":5}},"type":"if","locations":[{"start":{"line":37,"column":4},"end":{"line":40,"column":5}},{"start":{},"end":{}}],"line":37},"1":{"loc":{"start":{"line":87,"column":7},"end":{"line":87,"column":34}},"type":"cond-expr","locations":[{"start":{"line":87,"column":17},"end":{"line":87,"column":27}},{"start":{"line":87,"column":30},"end":{"line":87,"column":34}}],"line":87}},"s":{"0":1,"1":0,"2":0,"3":0,"4":0,"5":0,"6":0,"7":0,"8":0,"9":0,"10":0,"11":0,"12":0,"13":0,"14":0,"15":0,"16":0,"17":0,"18":0,"19":0,"20":0,"21":0,"22":0,"23":0,"24":0,"25":0,"26":0,"27":0,"28":0,"29":0,"30":0,"31":0,"32":1},"f":{"0":0,"1":0,"2":0,"3":0,"4":0,"5":0,"6":0,"7":0,"8":0,"9":0},"b":{"0":[0,0],"1":[0,0]},"_coverageSchema":"1a1c01bbd47fc00a2c39e90264f33305004495a9","hash":"d5220ac0627f988b084b8b26f52a02d61ef55bfb"}
,"/Users/nestorgomez/Documents/prueba-react-native/cryptoCurrency/src/screens/home/HomeScreen.tsx": {"path":"/Users/nestorgomez/Documents/prueba-react-native/cryptoCurrency/src/screens/home/HomeScreen.tsx","statementMap":{"0":{"start":{"line":6,"column":19},"end":{"line":12,"column":1}},"1":{"start":{"line":7,"column":2},"end":{"line":11,"column":4}}},"fnMap":{"0":{"name":"(anonymous_0)","decl":{"start":{"line":6,"column":19},"end":{"line":6,"column":20}},"loc":{"start":{"line":6,"column":42},"end":{"line":12,"column":1}},"line":6}},"branchMap":{},"s":{"0":1,"1":1},"f":{"0":1},"b":{},"_coverageSchema":"1a1c01bbd47fc00a2c39e90264f33305004495a9","hash":"1a47d3931158fd9f41f99f7dba49f45690136343"}
,"/Users/nestorgomez/Documents/prueba-react-native/cryptoCurrency/src/utils/colors.ts": {"path":"/Users/nestorgomez/Documents/prueba-react-native/cryptoCurrency/src/utils/colors.ts","statementMap":{"0":{"start":{"line":1,"column":15},"end":{"line":8,"column":1}}},"fnMap":{},"branchMap":{},"s":{"0":4},"f":{},"b":{},"_coverageSchema":"1a1c01bbd47fc00a2c39e90264f33305004495a9","hash":"52d885ece8b0675c7007fda30d56381aeccf64f8"}
,"/Users/nestorgomez/Documents/prueba-react-native/cryptoCurrency/src/utils/constants.ts": {"path":"/Users/nestorgomez/Documents/prueba-react-native/cryptoCurrency/src/utils/constants.ts","statementMap":{"0":{"start":{"line":1,"column":24},"end":{"line":1,"column":54}}},"fnMap":{},"branchMap":{},"s":{"0":2},"f":{},"b":{},"_coverageSchema":"1a1c01bbd47fc00a2c39e90264f33305004495a9","hash":"518bba2120f3c6203c12f849c73740bccbd51b9e"}
}
