TN:
SF:App.tsx
FN:7,(anonymous_0)
FNF:1
FNH:1
FNDA:1,(anonymous_0)
DA:7,1
DA:8,1
LF:2
LH:2
BRF:0
BRH:0
end_of_record
TN:
SF:src/api/coins.ts
FN:3,get
FNF:1
FNH:1
FNDA:2,get
DA:4,2
DA:5,2
DA:6,2
DA:7,0
DA:8,0
DA:10,2
LF:6
LH:4
BRF:0
BRH:0
end_of_record
TN:
SF:src/components/coinMarketItem/CoinMarketItem.tsx
FN:6,(anonymous_0)
FNF:1
FNH:0
FNDA:0,(anonymous_0)
DA:6,1
DA:7,0
DA:15,1
LF:3
LH:2
BRF:0
BRH:0
end_of_record
TN:
SF:src/components/coinSearch/CoinSearch.tsx
FN:6,(anonymous_0)
FN:9,(anonymous_1)
FNF:2
FNH:2
FNDA:6,(anonymous_0)
FNDA:1,(anonymous_1)
DA:6,3
DA:7,6
DA:9,6
DA:10,1
DA:11,1
DA:12,0
DA:16,6
DA:33,3
LF:8
LH:7
BRDA:11,0,0,0
BRDA:11,0,1,1
BRDA:22,1,0,6
BRDA:22,1,1,0
BRF:4
BRH:2
end_of_record
TN:
SF:src/components/listCoins/CoinItem.tsx
FN:6,(anonymous_0)
FN:7,(anonymous_1)
FNF:2
FNH:2
FNDA:1,(anonymous_0)
FNDA:1,(anonymous_1)
DA:6,3
DA:7,1
DA:8,1
DA:9,0
DA:11,1
DA:15,1
DA:30,3
LF:7
LH:6
BRDA:8,0,0,0
BRDA:8,0,1,1
BRF:2
BRH:1
end_of_record
TN:
SF:src/components/listCoins/ListCoins.tsx
FN:11,(anonymous_0)
FN:16,(anonymous_1)
FN:17,(anonymous_2)
FN:22,(anonymous_3)
FN:34,(anonymous_4)
FN:35,(anonymous_5)
FN:44,(anonymous_6)
FN:48,(anonymous_7)
FN:49,(anonymous_8)
FN:59,(anonymous_9)
FNF:10
FNH:4
FNDA:4,(anonymous_0)
FNDA:2,(anonymous_1)
FNDA:2,(anonymous_2)
FNDA:2,(anonymous_3)
FNDA:0,(anonymous_4)
FNDA:0,(anonymous_5)
FNDA:0,(anonymous_6)
FNDA:0,(anonymous_7)
FNDA:0,(anonymous_8)
FNDA:0,(anonymous_9)
DA:11,2
DA:12,4
DA:13,4
DA:14,4
DA:16,4
DA:17,2
DA:18,2
DA:22,4
DA:23,2
DA:24,2
DA:25,2
DA:26,0
DA:27,0
DA:28,0
DA:30,2
DA:34,4
DA:35,0
DA:36,0
DA:41,0
DA:44,4
DA:45,0
DA:48,4
DA:49,0
DA:52,4
DA:59,0
DA:67,2
LF:26
LH:17
BRDA:37,0,0,0
BRDA:37,0,1,0
BRDA:55,1,0,2
BRDA:55,1,1,2
BRF:4
BRH:2
end_of_record
TN:
SF:src/components/loader/Loader.tsx
FN:4,(anonymous_0)
FNF:1
FNH:1
FNDA:2,(anonymous_0)
DA:4,2
DA:5,2
DA:8,2
LF:3
LH:3
BRF:0
BRH:0
end_of_record
TN:
SF:src/navigation/NavigationStack.tsx
FN:10,(anonymous_0)
FNF:1
FNH:1
FNDA:1,(anonymous_0)
DA:8,1
DA:10,1
DA:11,1
LF:3
LH:3
BRF:0
BRH:0
end_of_record
TN:
SF:src/screens/coinDetail/CoinDetailScreen.tsx
FN:19,(anonymous_0)
FN:25,(anonymous_1)
FN:31,(anonymous_2)
FN:36,(anonymous_3)
FN:43,(anonymous_4)
FN:54,(anonymous_5)
FN:72,(anonymous_6)
FN:91,(anonymous_7)
FN:92,(anonymous_8)
FN:97,(anonymous_9)
FNF:10
FNH:0
FNDA:0,(anonymous_0)
FNDA:0,(anonymous_1)
FNDA:0,(anonymous_2)
FNDA:0,(anonymous_3)
FNDA:0,(anonymous_4)
FNDA:0,(anonymous_5)
FNDA:0,(anonymous_6)
FNDA:0,(anonymous_7)
FNDA:0,(anonymous_8)
FNDA:0,(anonymous_9)
DA:19,1
DA:20,0
DA:21,0
DA:22,0
DA:24,0
DA:25,0
DA:26,0
DA:27,0
DA:28,0
DA:31,0
DA:32,0
DA:33,0
DA:36,0
DA:37,0
DA:38,0
DA:39,0
DA:43,0
DA:44,0
DA:45,0
DA:46,0
DA:47,0
DA:48,0
DA:50,0
DA:54,0
DA:55,0
DA:69,0
DA:72,0
DA:73,0
DA:76,0
DA:91,0
DA:93,0
DA:98,0
DA:115,1
LF:33
LH:2
BRDA:37,0,0,0
BRDA:37,0,1,0
BRDA:87,1,0,0
BRDA:87,1,1,0
BRF:4
BRH:0
end_of_record
TN:
SF:src/screens/home/HomeScreen.tsx
FN:6,(anonymous_0)
FNF:1
FNH:1
FNDA:1,(anonymous_0)
DA:6,1
DA:7,1
LF:2
LH:2
BRF:0
BRH:0
end_of_record
TN:
SF:src/utils/colors.ts
FNF:0
FNH:0
DA:1,4
LF:1
LH:1
BRF:0
BRH:0
end_of_record
TN:
SF:src/utils/constants.ts
FNF:0
FNH:0
DA:1,2
LF:1
LH:1
BRF:0
BRH:0
end_of_record
